# JRE version: OpenJDK Runtime Environment Temurin-21.0.7+6 (21.0.7+6) (build 21.0.7+6-LTS)
# Java VM: OpenJDK 64-Bit Server VM Temurin-21.0.7+6 (21.0.7+6-LTS, mixed mode, sharing, tiered, compressed oops, compressed class ptrs, parallel gc, windows-amd64)
GC Precious Log:
 CardTable entry size: 512
 CPUs: 32 total, 32 available
 Memory: 16088M
 Large Page Support: Disabled
 NUMA Support: Disabled
 Compressed Oops: Enabled (32-bit)
 Alignments: Space 512K, Generation 512K, Heap 2M
 Heap Min Capacity: 100M
 Heap Initial Capacity: 100M
 Heap Max Capacity: 1G
 Pre-touch: Disabled
 Parallel Workers: 23
Heap:
 PSYoungGen      total 2560K, used 1259K [0x00000000eab00000, 0x00000000eae80000, 0x0000000100000000)
  eden space 2048K, 39% used [0x00000000eab00000,0x00000000eabcaea0,0x00000000ead00000)
  from space 512K, 87% used [0x00000000eae00000,0x00000000eae70000,0x00000000eae80000)
  to   space 512K, 0% used [0x00000000ead80000,0x00000000ead80000,0x00000000eae00000)
 ParOldGen       total 615936K, used 155246K [0x00000000c0000000, 0x00000000e5980000, 0x00000000eab00000)
  object space 615936K, 25% used [0x00000000c0000000,0x00000000c979bbd8,0x00000000e5980000)
 Metaspace       used 77476K, committed 78848K, reserved 1179648K
  class space    used 7721K, committed 8320K, reserved 1048576K
GC Heap History (20 events):
Event: 6797.835 GC heap before
{Heap before GC invocations=1185 (full 4):
 PSYoungGen      total 2560K, used 2483K [0x00000000eab00000, 0x00000000eae80000, 0x0000000100000000)
  eden space 2048K, 99% used [0x00000000eab00000,0x00000000eacfcc20,0x00000000ead00000)
  from space 512K, 87% used [0x00000000eae00000,0x00000000eae70000,0x00000000eae80000)
  to   space 512K, 0% used [0x00000000ead80000,0x00000000ead80000,0x00000000eae00000)
 ParOldGen       total 615936K, used 152409K [0x00000000c0000000, 0x00000000e5980000, 0x00000000eab00000)
  object space 615936K, 24% used [0x00000000c0000000,0x00000000c94d6578,0x00000000e5980000)
 Metaspace       used 77459K, committed 78784K, reserved 1179648K
  class space    used 7721K, committed 8320K, reserved 1048576K
}
Event: 6797.836 GC heap after
{Heap after GC invocations=1185 (full 4):
 PSYoungGen      total 2560K, used 512K [0x00000000eab00000, 0x00000000eaf00000, 0x0000000100000000)
  eden space 2048K, 0% used [0x00000000eab00000,0x00000000eab00000,0x00000000ead00000)
  from space 512K, 100% used [0x00000000ead80000,0x00000000eae00000,0x00000000eae00000)
  to   space 1024K, 0% used [0x00000000eae00000,0x00000000eae00000,0x00000000eaf00000)
 ParOldGen       total 615936K, used 152561K [0x00000000c0000000, 0x00000000e5980000, 0x00000000eab00000)
  object space 615936K, 24% used [0x00000000c0000000,0x00000000c94fc578,0x00000000e5980000)
 Metaspace       used 77459K, committed 78784K, reserved 1179648K
  class space    used 7721K, committed 8320K, reserved 1048576K
}
Event: 6798.085 GC heap before
{Heap before GC invocations=1186 (full 4):
 PSYoungGen      total 2560K, used 2560K [0x00000000eab00000, 0x00000000eaf00000, 0x0000000100000000)
  eden space 2048K, 100% used [0x00000000eab00000,0x00000000ead00000,0x00000000ead00000)
  from space 512K, 100% used [0x00000000ead80000,0x00000000eae00000,0x00000000eae00000)
  to   space 1024K, 0% used [0x00000000eae00000,0x00000000eae00000,0x00000000eaf00000)
 ParOldGen       total 615936K, used 152561K [0x00000000c0000000, 0x00000000e5980000, 0x00000000eab00000)
  object space 615936K, 24% used [0x00000000c0000000,0x00000000c94fc578,0x00000000e5980000)
 Metaspace       used 77464K, committed 78848K, reserved 1179648K
  class space    used 7721K, committed 8320K, reserved 1048576K
}
Event: 6798.086 GC heap after
{Heap after GC invocations=1186 (full 4):
 PSYoungGen      total 3072K, used 564K [0x00000000eab00000, 0x00000000eaf00000, 0x0000000100000000)
  eden space 2048K, 0% used [0x00000000eab00000,0x00000000eab00000,0x00000000ead00000)
  from space 1024K, 55% used [0x00000000eae00000,0x00000000eae8d200,0x00000000eaf00000)
  to   space 1024K, 0% used [0x00000000ead00000,0x00000000ead00000,0x00000000eae00000)
 ParOldGen       total 615936K, used 152841K [0x00000000c0000000, 0x00000000e5980000, 0x00000000eab00000)
  object space 615936K, 24% used [0x00000000c0000000,0x00000000c9542598,0x00000000e5980000)
 Metaspace       used 77464K, committed 78848K, reserved 1179648K
  class space    used 7721K, committed 8320K, reserved 1048576K
}
Event: 6798.090 GC heap before
{Heap before GC invocations=1187 (full 4):
 PSYoungGen      total 3072K, used 2612K [0x00000000eab00000, 0x00000000eaf00000, 0x0000000100000000)
  eden space 2048K, 100% used [0x00000000eab00000,0x00000000ead00000,0x00000000ead00000)
  from space 1024K, 55% used [0x00000000eae00000,0x00000000eae8d200,0x00000000eaf00000)
  to   space 1024K, 0% used [0x00000000ead00000,0x00000000ead00000,0x00000000eae00000)
 ParOldGen       total 615936K, used 152841K [0x00000000c0000000, 0x00000000e5980000, 0x00000000eab00000)
  object space 615936K, 24% used [0x00000000c0000000,0x00000000c9542598,0x00000000e5980000)
 Metaspace       used 77464K, committed 78848K, reserved 1179648K
  class space    used 7721K, committed 8320K, reserved 1048576K
}
Event: 6798.091 GC heap after
{Heap after GC invocations=1187 (full 4):
 PSYoungGen      total 3072K, used 288K [0x00000000eab00000, 0x00000000eae80000, 0x0000000100000000)
  eden space 2048K, 0% used [0x00000000eab00000,0x00000000eab00000,0x00000000ead00000)
  from space 1024K, 28% used [0x00000000ead00000,0x00000000ead48000,0x00000000eae00000)
  to   space 512K, 0% used [0x00000000eae00000,0x00000000eae00000,0x00000000eae80000)
 ParOldGen       total 615936K, used 153261K [0x00000000c0000000, 0x00000000e5980000, 0x00000000eab00000)
  object space 615936K, 24% used [0x00000000c0000000,0x00000000c95ab798,0x00000000e5980000)
 Metaspace       used 77464K, committed 78848K, reserved 1179648K
  class space    used 7721K, committed 8320K, reserved 1048576K
}
Event: 6798.095 GC heap before
{Heap before GC invocations=1188 (full 4):
 PSYoungGen      total 3072K, used 2336K [0x00000000eab00000, 0x00000000eae80000, 0x0000000100000000)
  eden space 2048K, 100% used [0x00000000eab00000,0x00000000ead00000,0x00000000ead00000)
  from space 1024K, 28% used [0x00000000ead00000,0x00000000ead48000,0x00000000eae00000)
  to   space 512K, 0% used [0x00000000eae00000,0x00000000eae00000,0x00000000eae80000)
 ParOldGen       total 615936K, used 153261K [0x00000000c0000000, 0x00000000e5980000, 0x00000000eab00000)
  object space 615936K, 24% used [0x00000000c0000000,0x00000000c95ab798,0x00000000e5980000)
 Metaspace       used 77464K, committed 78848K, reserved 1179648K
  class space    used 7721K, committed 8320K, reserved 1048576K
}
Event: 6798.097 GC heap after
{Heap after GC invocations=1188 (full 4):
 PSYoungGen      total 2560K, used 384K [0x00000000eab00000, 0x00000000eae80000, 0x0000000100000000)
  eden space 2048K, 0% used [0x00000000eab00000,0x00000000eab00000,0x00000000ead00000)
  from space 512K, 75% used [0x00000000eae00000,0x00000000eae60000,0x00000000eae80000)
  to   space 512K, 0% used [0x00000000ead80000,0x00000000ead80000,0x00000000eae00000)
 ParOldGen       total 615936K, used 153445K [0x00000000c0000000, 0x00000000e5980000, 0x00000000eab00000)
  object space 615936K, 24% used [0x00000000c0000000,0x00000000c95d9798,0x00000000e5980000)
 Metaspace       used 77464K, committed 78848K, reserved 1179648K
  class space    used 7721K, committed 8320K, reserved 1048576K
}
Event: 6798.123 GC heap before
{Heap before GC invocations=1189 (full 4):
 PSYoungGen      total 2560K, used 2432K [0x00000000eab00000, 0x00000000eae80000, 0x0000000100000000)
  eden space 2048K, 100% used [0x00000000eab00000,0x00000000ead00000,0x00000000ead00000)
  from space 512K, 75% used [0x00000000eae00000,0x00000000eae60000,0x00000000eae80000)
  to   space 512K, 0% used [0x00000000ead80000,0x00000000ead80000,0x00000000eae00000)
 ParOldGen       total 615936K, used 153445K [0x00000000c0000000, 0x00000000e5980000, 0x00000000eab00000)
  object space 615936K, 24% used [0x00000000c0000000,0x00000000c95d9798,0x00000000e5980000)
 Metaspace       used 77469K, committed 78848K, reserved 1179648K
  class space    used 7721K, committed 8320K, reserved 1048576K
}
Event: 6798.124 GC heap after
{Heap after GC invocations=1189 (full 4):
 PSYoungGen      total 2560K, used 500K [0x00000000eab00000, 0x00000000eaf00000, 0x0000000100000000)
  eden space 2048K, 0% used [0x00000000eab00000,0x00000000eab00000,0x00000000ead00000)
  from space 512K, 97% used [0x00000000ead80000,0x00000000eadfd200,0x00000000eae00000)
  to   space 1024K, 0% used [0x00000000eae00000,0x00000000eae00000,0x00000000eaf00000)
 ParOldGen       total 615936K, used 153677K [0x00000000c0000000, 0x00000000e5980000, 0x00000000eab00000)
  object space 615936K, 24% used [0x00000000c0000000,0x00000000c96137b8,0x00000000e5980000)
 Metaspace       used 77469K, committed 78848K, reserved 1179648K
  class space    used 7721K, committed 8320K, reserved 1048576K
}
Event: 6798.127 GC heap before
{Heap before GC invocations=1190 (full 4):
 PSYoungGen      total 2560K, used 2548K [0x00000000eab00000, 0x00000000eaf00000, 0x0000000100000000)
  eden space 2048K, 100% used [0x00000000eab00000,0x00000000ead00000,0x00000000ead00000)
  from space 512K, 97% used [0x00000000ead80000,0x00000000eadfd200,0x00000000eae00000)
  to   space 1024K, 0% used [0x00000000eae00000,0x00000000eae00000,0x00000000eaf00000)
 ParOldGen       total 615936K, used 153677K [0x00000000c0000000, 0x00000000e5980000, 0x00000000eab00000)
  object space 615936K, 24% used [0x00000000c0000000,0x00000000c96137b8,0x00000000e5980000)
 Metaspace       used 77470K, committed 78848K, reserved 1179648K
  class space    used 7721K, committed 8320K, reserved 1048576K
}
Event: 6798.128 GC heap after
{Heap after GC invocations=1190 (full 4):
 PSYoungGen      total 2560K, used 352K [0x00000000eab00000, 0x00000000eae80000, 0x0000000100000000)
  eden space 2048K, 0% used [0x00000000eab00000,0x00000000eab00000,0x00000000ead00000)
  from space 512K, 68% used [0x00000000eae00000,0x00000000eae58000,0x00000000eae80000)
  to   space 512K, 0% used [0x00000000ead80000,0x00000000ead80000,0x00000000eae00000)
 ParOldGen       total 615936K, used 154154K [0x00000000c0000000, 0x00000000e5980000, 0x00000000eab00000)
  object space 615936K, 25% used [0x00000000c0000000,0x00000000c968a9b8,0x00000000e5980000)
 Metaspace       used 77470K, committed 78848K, reserved 1179648K
  class space    used 7721K, committed 8320K, reserved 1048576K
}
Event: 6798.130 GC heap before
{Heap before GC invocations=1191 (full 4):
 PSYoungGen      total 2560K, used 2400K [0x00000000eab00000, 0x00000000eae80000, 0x0000000100000000)
  eden space 2048K, 100% used [0x00000000eab00000,0x00000000ead00000,0x00000000ead00000)
  from space 512K, 68% used [0x00000000eae00000,0x00000000eae58000,0x00000000eae80000)
  to   space 512K, 0% used [0x00000000ead80000,0x00000000ead80000,0x00000000eae00000)
 ParOldGen       total 615936K, used 154154K [0x00000000c0000000, 0x00000000e5980000, 0x00000000eab00000)
  object space 615936K, 25% used [0x00000000c0000000,0x00000000c968a9b8,0x00000000e5980000)
 Metaspace       used 77470K, committed 78848K, reserved 1179648K
  class space    used 7721K, committed 8320K, reserved 1048576K
}
Event: 6798.131 GC heap after
{Heap after GC invocations=1191 (full 4):
 PSYoungGen      total 2560K, used 384K [0x00000000eab00000, 0x00000000eae80000, 0x0000000100000000)
  eden space 2048K, 0% used [0x00000000eab00000,0x00000000eab00000,0x00000000ead00000)
  from space 512K, 75% used [0x00000000ead80000,0x00000000eade0000,0x00000000eae00000)
  to   space 512K, 0% used [0x00000000eae00000,0x00000000eae00000,0x00000000eae80000)
 ParOldGen       total 615936K, used 154378K [0x00000000c0000000, 0x00000000e5980000, 0x00000000eab00000)
  object space 615936K, 25% used [0x00000000c0000000,0x00000000c96c29b8,0x00000000e5980000)
 Metaspace       used 77470K, committed 78848K, reserved 1179648K
  class space    used 7721K, committed 8320K, reserved 1048576K
}
Event: 6798.202 GC heap before
{Heap before GC invocations=1192 (full 4):
 PSYoungGen      total 2560K, used 2432K [0x00000000eab00000, 0x00000000eae80000, 0x0000000100000000)
  eden space 2048K, 100% used [0x00000000eab00000,0x00000000ead00000,0x00000000ead00000)
  from space 512K, 75% used [0x00000000ead80000,0x00000000eade0000,0x00000000eae00000)
  to   space 512K, 0% used [0x00000000eae00000,0x00000000eae00000,0x00000000eae80000)
 ParOldGen       total 615936K, used 154378K [0x00000000c0000000, 0x00000000e5980000, 0x00000000eab00000)
  object space 615936K, 25% used [0x00000000c0000000,0x00000000c96c29b8,0x00000000e5980000)
 Metaspace       used 77474K, committed 78848K, reserved 1179648K
  class space    used 7721K, committed 8320K, reserved 1048576K
}
Event: 6798.203 GC heap after
{Heap after GC invocations=1192 (full 4):
 PSYoungGen      total 2560K, used 506K [0x00000000eab00000, 0x00000000eaf00000, 0x0000000100000000)
  eden space 2048K, 0% used [0x00000000eab00000,0x00000000eab00000,0x00000000ead00000)
  from space 512K, 98% used [0x00000000eae00000,0x00000000eae7e900,0x00000000eae80000)
  to   space 1024K, 0% used [0x00000000ead00000,0x00000000ead00000,0x00000000eae00000)
 ParOldGen       total 615936K, used 154546K [0x00000000c0000000, 0x00000000e5980000, 0x00000000eab00000)
  object space 615936K, 25% used [0x00000000c0000000,0x00000000c96ec9b8,0x00000000e5980000)
 Metaspace       used 77474K, committed 78848K, reserved 1179648K
  class space    used 7721K, committed 8320K, reserved 1048576K
}
Event: 6798.206 GC heap before
{Heap before GC invocations=1193 (full 4):
 PSYoungGen      total 2560K, used 2554K [0x00000000eab00000, 0x00000000eaf00000, 0x0000000100000000)
  eden space 2048K, 100% used [0x00000000eab00000,0x00000000ead00000,0x00000000ead00000)
  from space 512K, 98% used [0x00000000eae00000,0x00000000eae7e900,0x00000000eae80000)
  to   space 1024K, 0% used [0x00000000ead00000,0x00000000ead00000,0x00000000eae00000)
 ParOldGen       total 615936K, used 154546K [0x00000000c0000000, 0x00000000e5980000, 0x00000000eab00000)
  object space 615936K, 25% used [0x00000000c0000000,0x00000000c96ec9b8,0x00000000e5980000)
 Metaspace       used 77475K, committed 78848K, reserved 1179648K
  class space    used 7721K, committed 8320K, reserved 1048576K
}
Event: 6798.207 GC heap after
{Heap after GC invocations=1193 (full 4):
 PSYoungGen      total 3072K, used 480K [0x00000000eab00000, 0x00000000eaf00000, 0x0000000100000000)
  eden space 2048K, 0% used [0x00000000eab00000,0x00000000eab00000,0x00000000ead00000)
  from space 1024K, 46% used [0x00000000ead00000,0x00000000ead78000,0x00000000eae00000)
  to   space 1024K, 0% used [0x00000000eae00000,0x00000000eae00000,0x00000000eaf00000)
 ParOldGen       total 615936K, used 155006K [0x00000000c0000000, 0x00000000e5980000, 0x00000000eab00000)
  object space 615936K, 25% used [0x00000000c0000000,0x00000000c975fbd8,0x00000000e5980000)
 Metaspace       used 77475K, committed 78848K, reserved 1179648K
  class space    used 7721K, committed 8320K, reserved 1048576K
}
Event: 6798.211 GC heap before
{Heap before GC invocations=1194 (full 4):
 PSYoungGen      total 3072K, used 2528K [0x00000000eab00000, 0x00000000eaf00000, 0x0000000100000000)
  eden space 2048K, 100% used [0x00000000eab00000,0x00000000ead00000,0x00000000ead00000)
  from space 1024K, 46% used [0x00000000ead00000,0x00000000ead78000,0x00000000eae00000)
  to   space 1024K, 0% used [0x00000000eae00000,0x00000000eae00000,0x00000000eaf00000)
 ParOldGen       total 615936K, used 155006K [0x00000000c0000000, 0x00000000e5980000, 0x00000000eab00000)
  object space 615936K, 25% used [0x00000000c0000000,0x00000000c975fbd8,0x00000000e5980000)
 Metaspace       used 77475K, committed 78848K, reserved 1179648K
  class space    used 7721K, committed 8320K, reserved 1048576K
}
Event: 6798.212 GC heap after
{Heap after GC invocations=1194 (full 4):
 PSYoungGen      total 2560K, used 448K [0x00000000eab00000, 0x00000000eae80000, 0x0000000100000000)
  eden space 2048K, 0% used [0x00000000eab00000,0x00000000eab00000,0x00000000ead00000)
  from space 512K, 87% used [0x00000000eae00000,0x00000000eae70000,0x00000000eae80000)
  to   space 512K, 0% used [0x00000000ead80000,0x00000000ead80000,0x00000000eae00000)
 ParOldGen       total 615936K, used 155246K [0x00000000c0000000, 0x00000000e5980000, 0x00000000eab00000)
  object space 615936K, 25% used [0x00000000c0000000,0x00000000c979bbd8,0x00000000e5980000)
 Metaspace       used 77475K, committed 78848K, reserved 1179648K
  class space    used 7721K, committed 8320K, reserved 1048576K
}

