# JRE version: OpenJDK Runtime Environment Temurin-21.0.7+6 (21.0.7+6) (build 21.0.7+6-LTS)
# Java VM: OpenJDK 64-Bit Server VM Temurin-21.0.7+6 (21.0.7+6-LTS, mixed mode, sharing, tiered, compressed oops, compressed class ptrs, parallel gc, windows-amd64)
GC Precious Log:
 CardTable entry size: 512
 CPUs: 32 total, 32 available
 Memory: 16088M
 Large Page Support: Disabled
 NUMA Support: Disabled
 Compressed Oops: Enabled (32-bit)
 Alignments: Space 512K, Generation 512K, Heap 2M
 Heap Min Capacity: 100M
 Heap Initial Capacity: 100M
 Heap Max Capacity: 2G
 Pre-touch: Disabled
 Parallel Workers: 23
Heap:
 PSYoungGen      total 13824K, used 3213K [0x00000000d5580000, 0x00000000d6480000, 0x0000000100000000)
  eden space 12288K, 15% used [0x00000000d5580000,0x00000000d575b458,0x00000000d6180000)
  from space 1536K, 85% used [0x00000000d6200000,0x00000000d6348020,0x00000000d6380000)
  to   space 1024K, 0% used [0x00000000d6380000,0x00000000d6380000,0x00000000d6480000)
 ParOldGen       total 1315328K, used 1314927K [0x0000000080000000, 0x00000000d0480000, 0x00000000d5580000)
  object space 1315328K, 99% used [0x0000000080000000,0x00000000d041bf30,0x00000000d0480000)
 Metaspace       used 78855K, committed 80640K, reserved 1179648K
  class space    used 7492K, committed 8320K, reserved 1048576K
GC Heap History (20 events):
Event: 709.171 GC heap before
{Heap before GC invocations=2299 (full 5):
 PSYoungGen      total 14336K, used 14208K [0x00000000d5580000, 0x00000000d6480000, 0x0000000100000000)
  eden space 13312K, 100% used [0x00000000d5580000,0x00000000d6280000,0x00000000d6280000)
  from space 1024K, 87% used [0x00000000d6280000,0x00000000d6360020,0x00000000d6380000)
  to   space 1024K, 0% used [0x00000000d6380000,0x00000000d6380000,0x00000000d6480000)
 ParOldGen       total 1308672K, used 1308272K [0x0000000080000000, 0x00000000cfe00000, 0x00000000d5580000)
  object space 1308672K, 99% used [0x0000000080000000,0x00000000cfd9c1d0,0x00000000cfe00000)
 Metaspace       used 78840K, committed 80640K, reserved 1179648K
  class space    used 7491K, committed 8320K, reserved 1048576K
}
Event: 709.174 GC heap after
{Heap after GC invocations=2299 (full 5):
 PSYoungGen      total 13312K, used 1024K [0x00000000d5580000, 0x00000000d6680000, 0x0000000100000000)
  eden space 12288K, 0% used [0x00000000d5580000,0x00000000d5580000,0x00000000d6180000)
  from space 1024K, 100% used [0x00000000d6380000,0x00000000d6480000,0x00000000d6480000)
  to   space 2048K, 0% used [0x00000000d6180000,0x00000000d6180000,0x00000000d6380000)
 ParOldGen       total 1309184K, used 1308912K [0x0000000080000000, 0x00000000cfe80000, 0x00000000d5580000)
  object space 1309184K, 99% used [0x0000000080000000,0x00000000cfe3c1f0,0x00000000cfe80000)
 Metaspace       used 78840K, committed 80640K, reserved 1179648K
  class space    used 7491K, committed 8320K, reserved 1048576K
}
Event: 709.197 GC heap before
{Heap before GC invocations=2300 (full 5):
 PSYoungGen      total 13312K, used 13312K [0x00000000d5580000, 0x00000000d6680000, 0x0000000100000000)
  eden space 12288K, 100% used [0x00000000d5580000,0x00000000d6180000,0x00000000d6180000)
  from space 1024K, 100% used [0x00000000d6380000,0x00000000d6480000,0x00000000d6480000)
  to   space 2048K, 0% used [0x00000000d6180000,0x00000000d6180000,0x00000000d6380000)
 ParOldGen       total 1309184K, used 1308912K [0x0000000080000000, 0x00000000cfe80000, 0x00000000d5580000)
  object space 1309184K, 99% used [0x0000000080000000,0x00000000cfe3c1f0,0x00000000cfe80000)
 Metaspace       used 78840K, committed 80640K, reserved 1179648K
  class space    used 7491K, committed 8320K, reserved 1048576K
}
Event: 709.200 GC heap after
{Heap after GC invocations=2300 (full 5):
 PSYoungGen      total 12800K, used 352K [0x00000000d5580000, 0x00000000d6400000, 0x0000000100000000)
  eden space 12288K, 0% used [0x00000000d5580000,0x00000000d5580000,0x00000000d6180000)
  from space 512K, 68% used [0x00000000d6180000,0x00000000d61d8000,0x00000000d6200000)
  to   space 1024K, 0% used [0x00000000d6300000,0x00000000d6300000,0x00000000d6400000)
 ParOldGen       total 1309696K, used 1309676K [0x0000000080000000, 0x00000000cff00000, 0x00000000d5580000)
  object space 1309696K, 99% used [0x0000000080000000,0x00000000cfefb200,0x00000000cff00000)
 Metaspace       used 78840K, committed 80640K, reserved 1179648K
  class space    used 7491K, committed 8320K, reserved 1048576K
}
Event: 709.209 GC heap before
{Heap before GC invocations=2301 (full 5):
 PSYoungGen      total 12800K, used 12639K [0x00000000d5580000, 0x00000000d6400000, 0x0000000100000000)
  eden space 12288K, 99% used [0x00000000d5580000,0x00000000d617fff0,0x00000000d6180000)
  from space 512K, 68% used [0x00000000d6180000,0x00000000d61d8000,0x00000000d6200000)
  to   space 1024K, 0% used [0x00000000d6300000,0x00000000d6300000,0x00000000d6400000)
 ParOldGen       total 1309696K, used 1309676K [0x0000000080000000, 0x00000000cff00000, 0x00000000d5580000)
  object space 1309696K, 99% used [0x0000000080000000,0x00000000cfefb200,0x00000000cff00000)
 Metaspace       used 78841K, committed 80640K, reserved 1179648K
  class space    used 7491K, committed 8320K, reserved 1048576K
}
Event: 709.211 GC heap after
{Heap after GC invocations=2301 (full 5):
 PSYoungGen      total 13312K, used 992K [0x00000000d5580000, 0x00000000d6480000, 0x0000000100000000)
  eden space 12288K, 0% used [0x00000000d5580000,0x00000000d5580000,0x00000000d6180000)
  from space 1024K, 96% used [0x00000000d6300000,0x00000000d63f8020,0x00000000d6400000)
  to   space 1536K, 0% used [0x00000000d6180000,0x00000000d6180000,0x00000000d6300000)
 ParOldGen       total 1310208K, used 1309756K [0x0000000080000000, 0x00000000cff80000, 0x00000000d5580000)
  object space 1310208K, 99% used [0x0000000080000000,0x00000000cff0f200,0x00000000cff80000)
 Metaspace       used 78841K, committed 80640K, reserved 1179648K
  class space    used 7491K, committed 8320K, reserved 1048576K
}
Event: 709.217 GC heap before
{Heap before GC invocations=2302 (full 5):
 PSYoungGen      total 13312K, used 13280K [0x00000000d5580000, 0x00000000d6480000, 0x0000000100000000)
  eden space 12288K, 100% used [0x00000000d5580000,0x00000000d6180000,0x00000000d6180000)
  from space 1024K, 96% used [0x00000000d6300000,0x00000000d63f8020,0x00000000d6400000)
  to   space 1536K, 0% used [0x00000000d6180000,0x00000000d6180000,0x00000000d6300000)
 ParOldGen       total 1310208K, used 1309756K [0x0000000080000000, 0x00000000cff80000, 0x00000000d5580000)
  object space 1310208K, 99% used [0x0000000080000000,0x00000000cff0f200,0x00000000cff80000)
 Metaspace       used 78841K, committed 80640K, reserved 1179648K
  class space    used 7491K, committed 8320K, reserved 1048576K
}
Event: 709.219 GC heap after
{Heap after GC invocations=2302 (full 5):
 PSYoungGen      total 13312K, used 864K [0x00000000d5580000, 0x00000000d6380000, 0x0000000100000000)
  eden space 12288K, 0% used [0x00000000d5580000,0x00000000d5580000,0x00000000d6180000)
  from space 1024K, 84% used [0x00000000d6180000,0x00000000d6258020,0x00000000d6280000)
  to   space 1024K, 0% used [0x00000000d6280000,0x00000000d6280000,0x00000000d6380000)
 ParOldGen       total 1310208K, used 1309835K [0x0000000080000000, 0x00000000cff80000, 0x00000000d5580000)
  object space 1310208K, 99% used [0x0000000080000000,0x00000000cff22c58,0x00000000cff80000)
 Metaspace       used 78841K, committed 80640K, reserved 1179648K
  class space    used 7491K, committed 8320K, reserved 1048576K
}
Event: 709.235 GC heap before
{Heap before GC invocations=2303 (full 5):
 PSYoungGen      total 13312K, used 13152K [0x00000000d5580000, 0x00000000d6380000, 0x0000000100000000)
  eden space 12288K, 100% used [0x00000000d5580000,0x00000000d6180000,0x00000000d6180000)
  from space 1024K, 84% used [0x00000000d6180000,0x00000000d6258020,0x00000000d6280000)
  to   space 1024K, 0% used [0x00000000d6280000,0x00000000d6280000,0x00000000d6380000)
 ParOldGen       total 1310208K, used 1309835K [0x0000000080000000, 0x00000000cff80000, 0x00000000d5580000)
  object space 1310208K, 99% used [0x0000000080000000,0x00000000cff22c58,0x00000000cff80000)
 Metaspace       used 78841K, committed 80640K, reserved 1179648K
  class space    used 7491K, committed 8320K, reserved 1048576K
}
Event: 709.236 GC heap after
{Heap after GC invocations=2303 (full 5):
 PSYoungGen      total 13312K, used 512K [0x00000000d5580000, 0x00000000d6380000, 0x0000000100000000)
  eden space 12288K, 0% used [0x00000000d5580000,0x00000000d5580000,0x00000000d6180000)
  from space 1024K, 50% used [0x00000000d6280000,0x00000000d6300000,0x00000000d6380000)
  to   space 1024K, 0% used [0x00000000d6180000,0x00000000d6180000,0x00000000d6280000)
 ParOldGen       total 1310208K, used 1309875K [0x0000000080000000, 0x00000000cff80000, 0x00000000d5580000)
  object space 1310208K, 99% used [0x0000000080000000,0x00000000cff2cc58,0x00000000cff80000)
 Metaspace       used 78841K, committed 80640K, reserved 1179648K
  class space    used 7491K, committed 8320K, reserved 1048576K
}
Event: 716.729 GC heap before
{Heap before GC invocations=2304 (full 5):
 PSYoungGen      total 13312K, used 12800K [0x00000000d5580000, 0x00000000d6380000, 0x0000000100000000)
  eden space 12288K, 100% used [0x00000000d5580000,0x00000000d6180000,0x00000000d6180000)
  from space 1024K, 50% used [0x00000000d6280000,0x00000000d6300000,0x00000000d6380000)
  to   space 1024K, 0% used [0x00000000d6180000,0x00000000d6180000,0x00000000d6280000)
 ParOldGen       total 1310208K, used 1309875K [0x0000000080000000, 0x00000000cff80000, 0x00000000d5580000)
  object space 1310208K, 99% used [0x0000000080000000,0x00000000cff2cc58,0x00000000cff80000)
 Metaspace       used 78843K, committed 80640K, reserved 1179648K
  class space    used 7491K, committed 8320K, reserved 1048576K
}
Event: 716.731 GC heap after
{Heap after GC invocations=2304 (full 5):
 PSYoungGen      total 13312K, used 1002K [0x00000000d5580000, 0x00000000d6480000, 0x0000000100000000)
  eden space 12288K, 0% used [0x00000000d5580000,0x00000000d5580000,0x00000000d6180000)
  from space 1024K, 97% used [0x00000000d6180000,0x00000000d627a910,0x00000000d6280000)
  to   space 1536K, 0% used [0x00000000d6300000,0x00000000d6300000,0x00000000d6480000)
 ParOldGen       total 1310208K, used 1310067K [0x0000000080000000, 0x00000000cff80000, 0x00000000d5580000)
  object space 1310208K, 99% used [0x0000000080000000,0x00000000cff5cc58,0x00000000cff80000)
 Metaspace       used 78843K, committed 80640K, reserved 1179648K
  class space    used 7491K, committed 8320K, reserved 1048576K
}
Event: 716.746 GC heap before
{Heap before GC invocations=2305 (full 5):
 PSYoungGen      total 13312K, used 13290K [0x00000000d5580000, 0x00000000d6480000, 0x0000000100000000)
  eden space 12288K, 99% used [0x00000000d5580000,0x00000000d617fff8,0x00000000d6180000)
  from space 1024K, 97% used [0x00000000d6180000,0x00000000d627a910,0x00000000d6280000)
  to   space 1536K, 0% used [0x00000000d6300000,0x00000000d6300000,0x00000000d6480000)
 ParOldGen       total 1310208K, used 1310067K [0x0000000080000000, 0x00000000cff80000, 0x00000000d5580000)
  object space 1310208K, 99% used [0x0000000080000000,0x00000000cff5cc58,0x00000000cff80000)
 Metaspace       used 78843K, committed 80640K, reserved 1179648K
  class space    used 7491K, committed 8320K, reserved 1048576K
}
Event: 716.749 GC heap after
{Heap after GC invocations=2305 (full 5):
 PSYoungGen      total 13824K, used 1120K [0x00000000d5580000, 0x00000000d6480000, 0x0000000100000000)
  eden space 12288K, 0% used [0x00000000d5580000,0x00000000d5580000,0x00000000d6180000)
  from space 1536K, 72% used [0x00000000d6300000,0x00000000d6418000,0x00000000d6480000)
  to   space 1536K, 0% used [0x00000000d6180000,0x00000000d6180000,0x00000000d6300000)
 ParOldGen       total 1311232K, used 1311075K [0x0000000080000000, 0x00000000d0080000, 0x00000000d5580000)
  object space 1311232K, 99% used [0x0000000080000000,0x00000000d0058ec0,0x00000000d0080000)
 Metaspace       used 78843K, committed 80640K, reserved 1179648K
  class space    used 7491K, committed 8320K, reserved 1048576K
}
Event: 717.057 GC heap before
{Heap before GC invocations=2306 (full 5):
 PSYoungGen      total 13824K, used 13408K [0x00000000d5580000, 0x00000000d6480000, 0x0000000100000000)
  eden space 12288K, 100% used [0x00000000d5580000,0x00000000d6180000,0x00000000d6180000)
  from space 1536K, 72% used [0x00000000d6300000,0x00000000d6418000,0x00000000d6480000)
  to   space 1536K, 0% used [0x00000000d6180000,0x00000000d6180000,0x00000000d6300000)
 ParOldGen       total 1311232K, used 1311075K [0x0000000080000000, 0x00000000d0080000, 0x00000000d5580000)
  object space 1311232K, 99% used [0x0000000080000000,0x00000000d0058ec0,0x00000000d0080000)
 Metaspace       used 78854K, committed 80640K, reserved 1179648K
  class space    used 7492K, committed 8320K, reserved 1048576K
}
Event: 717.059 GC heap after
{Heap after GC invocations=2306 (full 5):
 PSYoungGen      total 13824K, used 1508K [0x00000000d5580000, 0x00000000d6680000, 0x0000000100000000)
  eden space 12288K, 0% used [0x00000000d5580000,0x00000000d5580000,0x00000000d6180000)
  from space 1536K, 98% used [0x00000000d6180000,0x00000000d62f9210,0x00000000d6300000)
  to   space 2560K, 0% used [0x00000000d6400000,0x00000000d6400000,0x00000000d6680000)
 ParOldGen       total 1312256K, used 1311889K [0x0000000080000000, 0x00000000d0180000, 0x00000000d5580000)
  object space 1312256K, 99% used [0x0000000080000000,0x00000000d01247e0,0x00000000d0180000)
 Metaspace       used 78854K, committed 80640K, reserved 1179648K
  class space    used 7492K, committed 8320K, reserved 1048576K
}
Event: 717.069 GC heap before
{Heap before GC invocations=2307 (full 5):
 PSYoungGen      total 13824K, used 13796K [0x00000000d5580000, 0x00000000d6680000, 0x0000000100000000)
  eden space 12288K, 100% used [0x00000000d5580000,0x00000000d6180000,0x00000000d6180000)
  from space 1536K, 98% used [0x00000000d6180000,0x00000000d62f9210,0x00000000d6300000)
  to   space 2560K, 0% used [0x00000000d6400000,0x00000000d6400000,0x00000000d6680000)
 ParOldGen       total 1312256K, used 1311889K [0x0000000080000000, 0x00000000d0180000, 0x00000000d5580000)
  object space 1312256K, 99% used [0x0000000080000000,0x00000000d01247e0,0x00000000d0180000)
 Metaspace       used 78854K, committed 80640K, reserved 1179648K
  class space    used 7492K, committed 8320K, reserved 1048576K
}
Event: 717.072 GC heap after
{Heap after GC invocations=2307 (full 5):
 PSYoungGen      total 14336K, used 1748K [0x00000000d5580000, 0x00000000d6600000, 0x0000000100000000)
  eden space 12288K, 0% used [0x00000000d5580000,0x00000000d5580000,0x00000000d6180000)
  from space 2048K, 85% used [0x00000000d6400000,0x00000000d65b5200,0x00000000d6600000)
  to   space 2048K, 0% used [0x00000000d6200000,0x00000000d6200000,0x00000000d6400000)
 ParOldGen       total 1313792K, used 1313305K [0x0000000080000000, 0x00000000d0300000, 0x00000000d5580000)
  object space 1313792K, 99% used [0x0000000080000000,0x00000000d0286400,0x00000000d0300000)
 Metaspace       used 78854K, committed 80640K, reserved 1179648K
  class space    used 7492K, committed 8320K, reserved 1048576K
}
Event: 717.079 GC heap before
{Heap before GC invocations=2308 (full 5):
 PSYoungGen      total 14336K, used 14036K [0x00000000d5580000, 0x00000000d6600000, 0x0000000100000000)
  eden space 12288K, 100% used [0x00000000d5580000,0x00000000d6180000,0x00000000d6180000)
  from space 2048K, 85% used [0x00000000d6400000,0x00000000d65b5200,0x00000000d6600000)
  to   space 2048K, 0% used [0x00000000d6200000,0x00000000d6200000,0x00000000d6400000)
 ParOldGen       total 1313792K, used 1313305K [0x0000000080000000, 0x00000000d0300000, 0x00000000d5580000)
  object space 1313792K, 99% used [0x0000000080000000,0x00000000d0286400,0x00000000d0300000)
 Metaspace       used 78854K, committed 80640K, reserved 1179648K
  class space    used 7492K, committed 8320K, reserved 1048576K
}
Event: 717.082 GC heap after
{Heap after GC invocations=2308 (full 5):
 PSYoungGen      total 13824K, used 1312K [0x00000000d5580000, 0x00000000d6480000, 0x0000000100000000)
  eden space 12288K, 0% used [0x00000000d5580000,0x00000000d5580000,0x00000000d6180000)
  from space 1536K, 85% used [0x00000000d6200000,0x00000000d6348020,0x00000000d6380000)
  to   space 1024K, 0% used [0x00000000d6380000,0x00000000d6380000,0x00000000d6480000)
 ParOldGen       total 1315328K, used 1314927K [0x0000000080000000, 0x00000000d0480000, 0x00000000d5580000)
  object space 1315328K, 99% used [0x0000000080000000,0x00000000d041bf30,0x00000000d0480000)
 Metaspace       used 78854K, committed 80640K, reserved 1179648K
  class space    used 7492K, committed 8320K, reserved 1048576K
}

